WARNING: The return values reported here may be bugged on some systems.
          See https://github.com/gavinfielder/pft/issues/11
          Run in non-fork mode (-X) to ensure accurate return value
          reporting, set IGNORE_RETURN_VALUE=1 in options-config.ini,
          or run test_pipes.sh to see if your system has this bug.
          This bug does not affect the pass/fail result of a test, nor
          the function output--only the reported return value.


Test   7 (pct_5w) : FAILED.
    First line of code: {return test("%5%");}
      expected return value : 5
      your return value     : 1
      expected output : "    %"
      your output     : "%"
      expected (nonprintable as hex) : "    %"
      actual   (nonprintable as hex) : "%"

Test   8 (pct_5wlj) : FAILED.
    First line of code: {return test("%-5%");}
      expected return value : 5
      your return value     : 1
      expected output : "%    "
      your output     : "%"
      expected (nonprintable as hex) : "%    "
      actual   (nonprintable as hex) : "%"

Test   9 (pct_5wzp) : FAILED.
    First line of code: {return test("%05%");}
      expected return value : 5
      your return value     : 1
      expected output : "0000%"
      your output     : "%"
      expected (nonprintable as hex) : "0000%"
      actual   (nonprintable as hex) : "%"

Test  10 (pct_5wljzp) : FAILED.
    First line of code: {return test("%-05%");}
      expected return value : 5
      your return value     : 1
      expected output : "%    "
      your output     : "%"
      expected (nonprintable as hex) : "%    "
      actual   (nonprintable as hex) : "%"

Test  11 (nocrash_nullspec_basic) : FAILED.
    (nocrash test: automatically passes provided no unexpected failure)
    First line of code: {return test("%");}
    SEGFAULT

Test  12 (nocrash_nullspec_5w) : FAILED.
    (nocrash test: automatically passes provided no unexpected failure)
    First line of code: {return test("%5");}
    SEGFAULT

Test  13 (nocrash_nullspec_5wzp) : FAILED.
    (nocrash test: automatically passes provided no unexpected failure)
    First line of code: {return test("%05");}
    SEGFAULT

Test  14 (nocrash_nullspec_5wzplj) : FAILED.
    (nocrash test: automatically passes provided no unexpected failure)
    First line of code: {return test("%-05");}
    SEGFAULT

Test  15 (nocrash_nullspec_5wlj) : FAILED.
    (nocrash test: automatically passes provided no unexpected failure)
    First line of code: {return test("%-5");}
    SEGFAULT

Test 130 (s_undefbehav_0_width_9) : FAILED.
    First line of code: {return test("%09s", s_hidden);}
      expected return value : 9
      your return value     : 9
      expected output : "000hi low"
      your output     : "   hi low"
      expected (nonprintable as hex) : "000hi low"
      actual   (nonprintable as hex) : "   hi low"

Test 291 (u_basic_u_pos) : FAILED.
    First line of code: {return test("this %u number", 17);}
      expected return value : 15
      your return value     : 14
      expected output : "this 17 number"
      your output     : "this u number"
      expected (nonprintable as hex) : "this 17 number"
      actual   (nonprintable as hex) : "this u number"

Test 292 (u_basic_u_zero) : FAILED.
    First line of code: {return test("this %u number", 0);}
      expected return value : 14
      your return value     : 14
      expected output : "this 0 number"
      your output     : "this u number"
      expected (nonprintable as hex) : "this 0 number"
      actual   (nonprintable as hex) : "this u number"

Test 293 (u_basic_u_onlypos) : FAILED.
    First line of code: {return test("%u", 3);}
      expected return value : 1
      your return value     : 1
      expected output : "3"
      your output     : "u"
      expected (nonprintable as hex) : "3"
      actual   (nonprintable as hex) : "u"

Test 294 (u_uintmax) : FAILED.
    First line of code: {return test("%u", 4294967295u);}
      expected return value : 11
      your return value     : 1
      expected output : "4294967295"
      your output     : "u"
      expected (nonprintable as hex) : "4294967295"
      actual   (nonprintable as hex) : "u"

Test 295 (u_width_pos_fits) : FAILED.
    First line of code: {return test("%7u", 33);}
      expected return value : 7
      your return value     : 1
      expected output : "     33"
      your output     : "u"
      expected (nonprintable as hex) : "     33"
      actual   (nonprintable as hex) : "u"

Test 296 (u_width_zero_fits) : FAILED.
    First line of code: {return test("%3u", 0);}
      expected return value : 3
      your return value     : 1
      expected output : "  0"
      your output     : "u"
      expected (nonprintable as hex) : "  0"
      actual   (nonprintable as hex) : "u"

Test 297 (u_width_pos_exactfit) : FAILED.
    First line of code: {return test("%5u", 52625);}
      expected return value : 5
      your return value     : 1
      expected output : "52625"
      your output     : "u"
      expected (nonprintable as hex) : "52625"
      actual   (nonprintable as hex) : "u"

Test 298 (u_width_pos_nofit) : FAILED.
    First line of code: {return test("%4u", 94827);}
      expected return value : 5
      your return value     : 1
      expected output : "94827"
      your output     : "u"
      expected (nonprintable as hex) : "94827"
      actual   (nonprintable as hex) : "u"

Test 299 (u_width_pos_fits_lj) : FAILED.
    First line of code: {return test("%-7u", 33);}
      expected return value : 7
      your return value     : 1
      expected output : "33     "
      your output     : "u"
      expected (nonprintable as hex) : "33     "
      actual   (nonprintable as hex) : "u"

Test 300 (u_width_zero_fits_lj) : FAILED.
    First line of code: {return test("%-3u", 0);}
      expected return value : 3
      your return value     : 1
      expected output : "0  "
      your output     : "u"
      expected (nonprintable as hex) : "0  "
      actual   (nonprintable as hex) : "u"

Test 301 (u_width_pos_exactfit_lj) : FAILED.
    First line of code: {return test("%-5u", 52625);}
      expected return value : 5
      your return value     : 1
      expected output : "52625"
      your output     : "u"
      expected (nonprintable as hex) : "52625"
      actual   (nonprintable as hex) : "u"

Test 302 (u_width_pos_nofit_lj) : FAILED.
    First line of code: {return test("%-4u", 94827);}
      expected return value : 5
      your return value     : 1
      expected output : "94827"
      your output     : "u"
      expected (nonprintable as hex) : "94827"
      actual   (nonprintable as hex) : "u"

Test 303 (u_prec_fits_pos) : FAILED.
    First line of code: {return test("%.5u", 2);}
      expected return value : 5
      your return value     : 1
      expected output : "00002"
      your output     : "u"
      expected (nonprintable as hex) : "00002"
      actual   (nonprintable as hex) : "u"

Test 304 (u_prec_fits_zero) : FAILED.
    First line of code: {return test("%.3u", 0);}
      expected return value : 3
      your return value     : 1
      expected output : "000"
      your output     : "u"
      expected (nonprintable as hex) : "000"
      actual   (nonprintable as hex) : "u"

Test 305 (u_prec_exactfit_pos) : FAILED.
    First line of code: {return test("%.4u", 5263);}
      expected return value : 4
      your return value     : 1
      expected output : "5263"
      your output     : "u"
      expected (nonprintable as hex) : "5263"
      actual   (nonprintable as hex) : "u"

Test 306 (u_prec_nofit_pos) : FAILED.
    First line of code: {return test("%.3u", 13862);}
      expected return value : 5
      your return value     : 1
      expected output : "13862"
      your output     : "u"
      expected (nonprintable as hex) : "13862"
      actual   (nonprintable as hex) : "u"

Test 307 (u_zp_pos_fits) : FAILED.
    First line of code: {return test("%05u", 43);}
      expected return value : 5
      your return value     : 1
      expected output : "00043"
      your output     : "u"
      expected (nonprintable as hex) : "00043"
      actual   (nonprintable as hex) : "u"

Test 308 (u_zp_zero_fits) : FAILED.
    First line of code: {return test("%03u", 0);}
      expected return value : 3
      your return value     : 1
      expected output : "000"
      your output     : "u"
      expected (nonprintable as hex) : "000"
      actual   (nonprintable as hex) : "u"

Test 309 (u_zp_pos_exactfit) : FAILED.
    First line of code: {return test("%03u", 634);}
      expected return value : 3
      your return value     : 1
      expected output : "634"
      your output     : "u"
      expected (nonprintable as hex) : "634"
      actual   (nonprintable as hex) : "u"

Test 310 (u_prec_width_fit_fit_pos) : FAILED.
    First line of code: {return test("%8.5u", 34);}
      expected return value : 8
      your return value     : 1
      expected output : "   00034"
      your output     : "u"
      expected (nonprintable as hex) : "   00034"
      actual   (nonprintable as hex) : "u"

Test 311 (u_prec_width_fit_fit_zero) : FAILED.
    First line of code: {return test("%8.5u", 0);}
      expected return value : 8
      your return value     : 1
      expected output : "   00000"
      your output     : "u"
      expected (nonprintable as hex) : "   00000"
      actual   (nonprintable as hex) : "u"

Test 312 (u_prec_width_nofit_fit_pos) : FAILED.
    First line of code: {return test("%8.3u", 8375);}
      expected return value : 8
      your return value     : 1
      expected output : "    8375"
      your output     : "u"
      expected (nonprintable as hex) : "    8375"
      actual   (nonprintable as hex) : "u"

Test 313 (u_prec_width_fit_nofit_pos) : FAILED.
    First line of code: {return test("%3.7u", 3267);}
      expected return value : 7
      your return value     : 1
      expected output : "0003267"
      your output     : "u"
      expected (nonprintable as hex) : "0003267"
      actual   (nonprintable as hex) : "u"

Test 314 (u_prec_width_nofit_nofit_pos) : FAILED.
    First line of code: {return test("%3.3u", 6983);}
      expected return value : 4
      your return value     : 1
      expected output : "6983"
      your output     : "u"
      expected (nonprintable as hex) : "6983"
      actual   (nonprintable as hex) : "u"

Test 315 (u_prec_width_fit_fit_pos_lj) : FAILED.
    First line of code: {return test("%-8.5u", 34);}
      expected return value : 8
      your return value     : 1
      expected output : "00034   "
      your output     : "u"
      expected (nonprintable as hex) : "00034   "
      actual   (nonprintable as hex) : "u"

Test 316 (u_prec_width_fit_fit_zero_lj) : FAILED.
    First line of code: {return test("%-8.5u", 0);}
      expected return value : 8
      your return value     : 1
      expected output : "00000   "
      your output     : "u"
      expected (nonprintable as hex) : "00000   "
      actual   (nonprintable as hex) : "u"

Test 317 (u_prec_width_nofit_fit_pos_lj) : FAILED.
    First line of code: {return test("%-8.3u", 8375);}
      expected return value : 8
      your return value     : 1
      expected output : "8375    "
      your output     : "u"
      expected (nonprintable as hex) : "8375    "
      actual   (nonprintable as hex) : "u"

Test 318 (u_prec_width_fit_nofit_pos_lj) : FAILED.
    First line of code: {return test("%-3.7u", 3267);}
      expected return value : 7
      your return value     : 1
      expected output : "0003267"
      your output     : "u"
      expected (nonprintable as hex) : "0003267"
      actual   (nonprintable as hex) : "u"

Test 319 (u_prec_width_nofit_nofit_pos_lj) : FAILED.
    First line of code: {return test("%-3.3u", 6983);}
      expected return value : 4
      your return value     : 1
      expected output : "6983"
      your output     : "u"
      expected (nonprintable as hex) : "6983"
      actual   (nonprintable as hex) : "u"

Test 320 (u_prec_width_ff_pos_zp) : FAILED.
    First line of code: {return test("%08.5u", 34);}
      expected return value : 8
      your return value     : 1
      expected output : "   00034"
      your output     : "u"
      expected (nonprintable as hex) : "   00034"
      actual   (nonprintable as hex) : "u"

Test 321 (u_prec_width_ff_zero_zp) : FAILED.
    First line of code: {return test("%08.5u", 0);}
      expected return value : 8
      your return value     : 1
      expected output : "   00000"
      your output     : "u"
      expected (nonprintable as hex) : "   00000"
      actual   (nonprintable as hex) : "u"

Test 322 (u_prec_width_nf_pos_zp) : FAILED.
    First line of code: {return test("%08.3u", 8375);}
      expected return value : 8
      your return value     : 1
      expected output : "    8375"
      your output     : "u"
      expected (nonprintable as hex) : "    8375"
      actual   (nonprintable as hex) : "u"

Test 323 (u_prec_width_fn_pos_zp) : FAILED.
    First line of code: {return test("%03.7u", 3267);}
      expected return value : 7
      your return value     : 1
      expected output : "0003267"
      your output     : "u"
      expected (nonprintable as hex) : "0003267"
      actual   (nonprintable as hex) : "u"

Test 324 (u_prec_width_nn_pos_zp) : FAILED.
    First line of code: {return test("%03.3u", 6983);}
      expected return value : 4
      your return value     : 1
      expected output : "6983"
      your output     : "u"
      expected (nonprintable as hex) : "6983"
      actual   (nonprintable as hex) : "u"

Test 325 (u_prec_width_ff_pos_ljzp_ignoreflag) : FAILED.
    First line of code: {return test("%0-8.5u", 34);}
      expected return value : 8
      your return value     : 1
      expected output : "00034   "
      your output     : "u"
      expected (nonprintable as hex) : "00034   "
      actual   (nonprintable as hex) : "u"

Test 326 (u_prec_width_ff_zero_ljzp_ignoreflag) : FAILED.
    First line of code: {return test("%0-8.5u", 0);}
      expected return value : 8
      your return value     : 1
      expected output : "00000   "
      your output     : "u"
      expected (nonprintable as hex) : "00000   "
      actual   (nonprintable as hex) : "u"

Test 327 (u_prec_width_nf_pos_ljzp_ignoreflag) : FAILED.
    First line of code: {return test("%0-8.3u", 8375);}
      expected return value : 8
      your return value     : 1
      expected output : "8375    "
      your output     : "u"
      expected (nonprintable as hex) : "8375    "
      actual   (nonprintable as hex) : "u"

Test 328 (u_prec_width_fn_pos_ljzp_ignoreflag) : FAILED.
    First line of code: {return test("%0-3.7u", 3267);}
      expected return value : 7
      your return value     : 1
      expected output : "0003267"
      your output     : "u"
      expected (nonprintable as hex) : "0003267"
      actual   (nonprintable as hex) : "u"

Test 329 (u_prec_width_nn_pos_ljzp_ignoreflag) : FAILED.
    First line of code: {return test("%0-3.3u", 6983);}
      expected return value : 4
      your return value     : 1
      expected output : "6983"
      your output     : "u"
      expected (nonprintable as hex) : "6983"
      actual   (nonprintable as hex) : "u"

Test 330 (u_prec0val0_basic) : FAILED.
    First line of code: {return test("%.0u", 0);}
      expected return value : 0
      your return value     : 1
      expected output : ""
      your output     : "u"
      expected (nonprintable as hex) : ""
      actual   (nonprintable as hex) : "u"

Test 331 (u_prec0val0_implicit) : FAILED.
    First line of code: {return test("%.u", 0);}
      expected return value : 0
      your return value     : 1
      expected output : ""
      your output     : "u"
      expected (nonprintable as hex) : ""
      actual   (nonprintable as hex) : "u"

Test 332 (u_prec0val0_w) : FAILED.
    First line of code: {return test("%5.0u", 0);}
      expected return value : 5
      your return value     : 1
      expected output : "     "
      your output     : "u"
      expected (nonprintable as hex) : "     "
      actual   (nonprintable as hex) : "u"

Test 333 (u_prec0val0_w_impl) : FAILED.
    First line of code: {return test("%5.u", 0);}
      expected return value : 5
      your return value     : 1
      expected output : "     "
      your output     : "u"
      expected (nonprintable as hex) : "     "
      actual   (nonprintable as hex) : "u"

Test 334 (u_prec0val0_wlj) : FAILED.
    First line of code: {return test("%-5.0u", 0);}
      expected return value : 5
      your return value     : 1
      expected output : "     "
      your output     : "u"
      expected (nonprintable as hex) : "     "
      actual   (nonprintable as hex) : "u"

Test 335 (u_prec0val0_wlj_impl) : FAILED.
    First line of code: {return test("%-5.u", 0);}
      expected return value : 5
      your return value     : 1
      expected output : "     "
      your output     : "u"
      expected (nonprintable as hex) : "     "
      actual   (nonprintable as hex) : "u"

Test 336 (x_basic_pos) : FAILED.
    First line of code: {return test("this %x number", 17);}
      expected return value : 15
      your return value     : 14
      expected output : "this 11 number"
      your output     : "this x number"
      expected (nonprintable as hex) : "this 11 number"
      actual   (nonprintable as hex) : "this x number"

Test 337 (x_basic_zero) : FAILED.
    First line of code: {return test("this %x number", 0);}
      expected return value : 14
      your return value     : 14
      expected output : "this 0 number"
      your output     : "this x number"
      expected (nonprintable as hex) : "this 0 number"
      actual   (nonprintable as hex) : "this x number"

Test 338 (x_basic_onlypos) : FAILED.
    First line of code: {return test("%x", 3);}
      expected return value : 1
      your return value     : 1
      expected output : "3"
      your output     : "x"
      expected (nonprintable as hex) : "3"
      actual   (nonprintable as hex) : "x"

Test 339 (x_hexlmax) : FAILED.
    First line of code: {return test("%x", 4294967295u);}
      expected return value : 8
      your return value     : 1
      expected output : "ffffffff"
      your output     : "x"
      expected (nonprintable as hex) : "ffffffff"
      actual   (nonprintable as hex) : "x"

Test 340 (x_width_pos_fits) : FAILED.
    First line of code: {return test("%7x", 33);}
      expected return value : 7
      your return value     : 1
      expected output : "     21"
      your output     : "x"
      expected (nonprintable as hex) : "     21"
      actual   (nonprintable as hex) : "x"

Test 341 (x_width_zero_fits) : FAILED.
    First line of code: {return test("%3x", 0);}
      expected return value : 3
      your return value     : 1
      expected output : "  0"
      your output     : "x"
      expected (nonprintable as hex) : "  0"
      actual   (nonprintable as hex) : "x"

Test 342 (x_width_pos_exactfit) : FAILED.
    First line of code: {return test("%5x", 52625);}
      expected return value : 5
      your return value     : 1
      expected output : " cd91"
      your output     : "x"
      expected (nonprintable as hex) : " cd91"
      actual   (nonprintable as hex) : "x"

Test 343 (x_width_pos_nofit) : FAILED.
    First line of code: {return test("%2x", 94827);}
      expected return value : 5
      your return value     : 1
      expected output : "1726b"
      your output     : "x"
      expected (nonprintable as hex) : "1726b"
      actual   (nonprintable as hex) : "x"

Test 344 (x_width_pos_fits_lj) : FAILED.
    First line of code: {return test("%-7x", 33);}
      expected return value : 7
      your return value     : 1
      expected output : "21     "
      your output     : "x"
      expected (nonprintable as hex) : "21     "
      actual   (nonprintable as hex) : "x"

Test 345 (x_width_zero_fits_lj) : FAILED.
    First line of code: {return test("%-3x", 0);}
      expected return value : 3
      your return value     : 1
      expected output : "0  "
      your output     : "x"
      expected (nonprintable as hex) : "0  "
      actual   (nonprintable as hex) : "x"

Test 346 (x_width_pos_exactfit_lj) : FAILED.
    First line of code: {return test("%-5x", 52625);}
      expected return value : 5
      your return value     : 1
      expected output : "cd91 "
      your output     : "x"
      expected (nonprintable as hex) : "cd91 "
      actual   (nonprintable as hex) : "x"

Test 347 (x_width_pos_nofit_lj) : FAILED.
    First line of code: {return test("%-4x", 9648627);}
      expected return value : 6
      your return value     : 1
      expected output : "9339f3"
      your output     : "x"
      expected (nonprintable as hex) : "9339f3"
      actual   (nonprintable as hex) : "x"

Test 348 (x_prec_fits_pos) : FAILED.
    First line of code: {return test("%.5x", 21);}
      expected return value : 5
      your return value     : 1
      expected output : "00015"
      your output     : "x"
      expected (nonprintable as hex) : "00015"
      actual   (nonprintable as hex) : "x"

Test 349 (x_prec_fits_zero) : FAILED.
    First line of code: {return test("%.3x", 0);}
      expected return value : 3
      your return value     : 1
      expected output : "000"
      your output     : "x"
      expected (nonprintable as hex) : "000"
      actual   (nonprintable as hex) : "x"

Test 350 (x_prec_exactfit_pos) : FAILED.
    First line of code: {return test("%.4x", 5263);}
      expected return value : 4
      your return value     : 1
      expected output : "148f"
      your output     : "x"
      expected (nonprintable as hex) : "148f"
      actual   (nonprintable as hex) : "x"

Test 351 (x_prec_nofit_pos) : FAILED.
    First line of code: {return test("%.3x", 938862);}
      expected return value : 5
      your return value     : 1
      expected output : "e536e"
      your output     : "x"
      expected (nonprintable as hex) : "e536e"
      actual   (nonprintable as hex) : "x"

Test 352 (x_zp_pos_fits) : FAILED.
    First line of code: {return test("%05x", 43);}
      expected return value : 5
      your return value     : 1
      expected output : "0002b"
      your output     : "x"
      expected (nonprintable as hex) : "0002b"
      actual   (nonprintable as hex) : "x"

Test 353 (x_zp_zero_fits) : FAILED.
    First line of code: {return test("%03x", 0);}
      expected return value : 3
      your return value     : 1
      expected output : "000"
      your output     : "x"
      expected (nonprintable as hex) : "000"
      actual   (nonprintable as hex) : "x"

Test 354 (x_zp_pos_exactfit) : FAILED.
    First line of code: {return test("%03x", 698334);}
      expected return value : 5
      your return value     : 1
      expected output : "aa7de"
      your output     : "x"
      expected (nonprintable as hex) : "aa7de"
      actual   (nonprintable as hex) : "x"

Test 355 (x_prec_width_fit_fit_pos) : FAILED.
    First line of code: {return test("%8.5x", 34);}
      expected return value : 8
      your return value     : 1
      expected output : "   00022"
      your output     : "x"
      expected (nonprintable as hex) : "   00022"
      actual   (nonprintable as hex) : "x"

Test 356 (x_prec_width_fit_fit_zero) : FAILED.
    First line of code: {return test("%8.5x", 0);}
      expected return value : 8
      your return value     : 1
      expected output : "   00000"
      your output     : "x"
      expected (nonprintable as hex) : "   00000"
      actual   (nonprintable as hex) : "x"

Test 357 (x_prec_width_nofit_fit_pos) : FAILED.
    First line of code: {return test("%8.3x", 8375);}
      expected return value : 8
      your return value     : 1
      expected output : "    20b7"
      your output     : "x"
      expected (nonprintable as hex) : "    20b7"
      actual   (nonprintable as hex) : "x"

Test 358 (x_prec_width_fit_nofit_pos) : FAILED.
    First line of code: {return test("%2.7x", 3267);}
      expected return value : 7
      your return value     : 1
      expected output : "0000cc3"
      your output     : "x"
      expected (nonprintable as hex) : "0000cc3"
      actual   (nonprintable as hex) : "x"

Test 359 (x_prec_width_nofit_nofit_pos) : FAILED.
    First line of code: {return test("%3.3x", 6983);}
      expected return value : 4
      your return value     : 1
      expected output : "1b47"
      your output     : "x"
      expected (nonprintable as hex) : "1b47"
      actual   (nonprintable as hex) : "x"

Test 360 (x_prec_width_fit_fit_pos_lj) : FAILED.
    First line of code: {return test("%-8.5x", 34);}
      expected return value : 8
      your return value     : 1
      expected output : "00022   "
      your output     : "x"
      expected (nonprintable as hex) : "00022   "
      actual   (nonprintable as hex) : "x"

Test 361 (x_prec_width_fit_fit_zero_lj) : FAILED.
    First line of code: {return test("%-8.5x", 0);}
      expected return value : 8
      your return value     : 1
      expected output : "00000   "
      your output     : "x"
      expected (nonprintable as hex) : "00000   "
      actual   (nonprintable as hex) : "x"

Test 362 (x_prec_width_nofit_fit_pos_lj) : FAILED.
    First line of code: {return test("%-8.3x", 8375);}
      expected return value : 8
      your return value     : 1
      expected output : "20b7    "
      your output     : "x"
      expected (nonprintable as hex) : "20b7    "
      actual   (nonprintable as hex) : "x"

Test 363 (x_prec_width_fit_nofit_pos_lj) : FAILED.
    First line of code: {return test("%-2.7x", 3267);}
      expected return value : 7
      your return value     : 1
      expected output : "0000cc3"
      your output     : "x"
      expected (nonprintable as hex) : "0000cc3"
      actual   (nonprintable as hex) : "x"

Test 364 (x_prec_width_nofit_nofit_pos_lj) : FAILED.
    First line of code: {return test("%-3.3x", 6983);}
      expected return value : 4
      your return value     : 1
      expected output : "1b47"
      your output     : "x"
      expected (nonprintable as hex) : "1b47"
      actual   (nonprintable as hex) : "x"

Test 365 (x_prec_width_ff_pos_zp) : FAILED.
    First line of code: {return test("%08.5x", 34);}
      expected return value : 8
      your return value     : 1
      expected output : "   00022"
      your output     : "x"
      expected (nonprintable as hex) : "   00022"
      actual   (nonprintable as hex) : "x"

Test 366 (x_prec_width_ff_zero_zp) : FAILED.
    First line of code: {return test("%08.5x", 0);}
      expected return value : 8
      your return value     : 1
      expected output : "   00000"
      your output     : "x"
      expected (nonprintable as hex) : "   00000"
      actual   (nonprintable as hex) : "x"

Test 367 (x_prec_width_nf_pos_zp) : FAILED.
    First line of code: {return test("%08.3x", 8375);}
      expected return value : 8
      your return value     : 1
      expected output : "    20b7"
      your output     : "x"
      expected (nonprintable as hex) : "    20b7"
      actual   (nonprintable as hex) : "x"

Test 368 (x_prec_width_fn_pos_zp) : FAILED.
    First line of code: {return test("%02.7x", 3267);}
      expected return value : 7
      your return value     : 1
      expected output : "0000cc3"
      your output     : "x"
      expected (nonprintable as hex) : "0000cc3"
      actual   (nonprintable as hex) : "x"

Test 369 (x_prec_width_nn_pos_zp) : FAILED.
    First line of code: {return test("%03.3x", 6983);}
      expected return value : 4
      your return value     : 1
      expected output : "1b47"
      your output     : "x"
      expected (nonprintable as hex) : "1b47"
      actual   (nonprintable as hex) : "x"

Test 370 (x_prec_width_ff_pos_ljzp_ignoreflag) : FAILED.
    First line of code: {return test("%0-8.5x", 34);}
      expected return value : 8
      your return value     : 1
      expected output : "00022   "
      your output     : "x"
      expected (nonprintable as hex) : "00022   "
      actual   (nonprintable as hex) : "x"

Test 371 (x_prec_width_ff_zero_ljzp_ignoreflag) : FAILED.
    First line of code: {return test("%0-8.5x", 0);}
      expected return value : 8
      your return value     : 1
      expected output : "00000   "
      your output     : "x"
      expected (nonprintable as hex) : "00000   "
      actual   (nonprintable as hex) : "x"

Test 372 (x_prec_width_nf_pos_ljzp_ignoreflag) : FAILED.
    First line of code: {return test("%0-8.3x", 8375);}
      expected return value : 8
      your return value     : 1
      expected output : "20b7    "
      your output     : "x"
      expected (nonprintable as hex) : "20b7    "
      actual   (nonprintable as hex) : "x"

Test 373 (x_prec_width_fn_pos_ljzp_ignoreflag) : FAILED.
    First line of code: {return test("%0-2.7x", 3267);}
      expected return value : 7
      your return value     : 1
      expected output : "0000cc3"
      your output     : "x"
      expected (nonprintable as hex) : "0000cc3"
      actual   (nonprintable as hex) : "x"

Test 374 (x_prec_width_nn_pos_ljzp_ignoreflag) : FAILED.
    First line of code: {return test("%0-3.3x", 6983);}
      expected return value : 4
      your return value     : 1
      expected output : "1b47"
      your output     : "x"
      expected (nonprintable as hex) : "1b47"
      actual   (nonprintable as hex) : "x"

Test 375 (x_prec0val0_basic) : FAILED.
    First line of code: {return test("%.0x", 0);}
      expected return value : 0
      your return value     : 1
      expected output : ""
      your output     : "x"
      expected (nonprintable as hex) : ""
      actual   (nonprintable as hex) : "x"

Test 376 (x_prec0val0_implicit) : FAILED.
    First line of code: {return test("%.x", 0);}
      expected return value : 0
      your return value     : 1
      expected output : ""
      your output     : "x"
      expected (nonprintable as hex) : ""
      actual   (nonprintable as hex) : "x"

Test 377 (x_prec0val0_w) : FAILED.
    First line of code: {return test("%5.0x", 0);}
      expected return value : 5
      your return value     : 1
      expected output : "     "
      your output     : "x"
      expected (nonprintable as hex) : "     "
      actual   (nonprintable as hex) : "x"

Test 378 (x_prec0val0_w_impl) : FAILED.
    First line of code: {return test("%5.x", 0);}
      expected return value : 5
      your return value     : 1
      expected output : "     "
      your output     : "x"
      expected (nonprintable as hex) : "     "
      actual   (nonprintable as hex) : "x"

Test 379 (x_prec0val0_wlj) : FAILED.
    First line of code: {return test("%-5.0x", 0);}
      expected return value : 5
      your return value     : 1
      expected output : "     "
      your output     : "x"
      expected (nonprintable as hex) : "     "
      actual   (nonprintable as hex) : "x"

Test 380 (x_prec0val0_wlj_impl) : FAILED.
    First line of code: {return test("%-5.x", 0);}
      expected return value : 5
      your return value     : 1
      expected output : "     "
      your output     : "x"
      expected (nonprintable as hex) : "     "
      actual   (nonprintable as hex) : "x"

Test 381 (X_basic_hexu_pos) : FAILED.
    First line of code: {return test("this %X number", 17);}
      expected return value : 15
      your return value     : 14
      expected output : "this 11 number"
      your output     : "this X number"
      expected (nonprintable as hex) : "this 11 number"
      actual   (nonprintable as hex) : "this X number"

Test 382 (X_basic_hexu_zero) : FAILED.
    First line of code: {return test("this %X number", 0);}
      expected return value : 14
      your return value     : 14
      expected output : "this 0 number"
      your output     : "this X number"
      expected (nonprintable as hex) : "this 0 number"
      actual   (nonprintable as hex) : "this X number"

Test 383 (X_basic_hexu_onlypos) : FAILED.
    First line of code: {return test("%X", 3);}
      expected return value : 1
      your return value     : 1
      expected output : "3"
      your output     : "X"
      expected (nonprintable as hex) : "3"
      actual   (nonprintable as hex) : "X"

Test 384 (X_hexumax) : FAILED.
    First line of code: {return test("%X", 4294967295u);}
      expected return value : 8
      your return value     : 1
      expected output : "FFFFFFFF"
      your output     : "X"
      expected (nonprintable as hex) : "FFFFFFFF"
      actual   (nonprintable as hex) : "X"

Test 385 (X_width_pos_fits) : FAILED.
    First line of code: {return test("%7X", 33);}
      expected return value : 7
      your return value     : 1
      expected output : "     21"
      your output     : "X"
      expected (nonprintable as hex) : "     21"
      actual   (nonprintable as hex) : "X"

Test 386 (X_width_zero_fits) : FAILED.
    First line of code: {return test("%3X", 0);}
      expected return value : 3
      your return value     : 1
      expected output : "  0"
      your output     : "X"
      expected (nonprintable as hex) : "  0"
      actual   (nonprintable as hex) : "X"

Test 387 (X_width_pos_exactfit) : FAILED.
    First line of code: {return test("%5X", 52625);}
      expected return value : 5
      your return value     : 1
      expected output : " CD91"
      your output     : "X"
      expected (nonprintable as hex) : " CD91"
      actual   (nonprintable as hex) : "X"

Test 388 (X_width_pos_nofit) : FAILED.
    First line of code: {return test("%2X", 94827);}
      expected return value : 5
      your return value     : 1
      expected output : "1726B"
      your output     : "X"
      expected (nonprintable as hex) : "1726B"
      actual   (nonprintable as hex) : "X"

Test 389 (X_width_pos_fits_lj) : FAILED.
    First line of code: {return test("%-7X", 33);}
      expected return value : 7
      your return value     : 1
      expected output : "21     "
      your output     : "X"
      expected (nonprintable as hex) : "21     "
      actual   (nonprintable as hex) : "X"

Test 390 (X_width_zero_fits_lj) : FAILED.
    First line of code: {return test("%-3X", 0);}
      expected return value : 3
      your return value     : 1
      expected output : "0  "
      your output     : "X"
      expected (nonprintable as hex) : "0  "
      actual   (nonprintable as hex) : "X"

Test 391 (X_width_pos_exactfit_lj) : FAILED.
    First line of code: {return test("%-5X", 52625);}
      expected return value : 5
      your return value     : 1
      expected output : "CD91 "
      your output     : "X"
      expected (nonprintable as hex) : "CD91 "
      actual   (nonprintable as hex) : "X"

Test 392 (X_width_pos_nofit_lj) : FAILED.
    First line of code: {return test("%-4X", 9648627);}
      expected return value : 6
      your return value     : 1
      expected output : "9339F3"
      your output     : "X"
      expected (nonprintable as hex) : "9339F3"
      actual   (nonprintable as hex) : "X"

Test 393 (X_prec_fits_pos) : FAILED.
    First line of code: {return test("%.5X", 21);}
      expected return value : 5
      your return value     : 1
      expected output : "00015"
      your output     : "X"
      expected (nonprintable as hex) : "00015"
      actual   (nonprintable as hex) : "X"

Test 394 (X_prec_fits_zero) : FAILED.
    First line of code: {return test("%.3X", 0);}
      expected return value : 3
      your return value     : 1
      expected output : "000"
      your output     : "X"
      expected (nonprintable as hex) : "000"
      actual   (nonprintable as hex) : "X"

Test 395 (X_prec_exactfit_pos) : FAILED.
    First line of code: {return test("%.4X", 5263);}
      expected return value : 4
      your return value     : 1
      expected output : "148F"
      your output     : "X"
      expected (nonprintable as hex) : "148F"
      actual   (nonprintable as hex) : "X"

Test 396 (X_prec_nofit_pos) : FAILED.
    First line of code: {return test("%.3X", 938862);}
      expected return value : 5
      your return value     : 1
      expected output : "E536E"
      your output     : "X"
      expected (nonprintable as hex) : "E536E"
      actual   (nonprintable as hex) : "X"

Test 397 (X_zp_pos_fits) : FAILED.
    First line of code: {return test("%05X", 43);}
      expected return value : 5
      your return value     : 1
      expected output : "0002B"
      your output     : "X"
      expected (nonprintable as hex) : "0002B"
      actual   (nonprintable as hex) : "X"

Test 398 (X_zp_zero_fits) : FAILED.
    First line of code: {return test("%03X", 0);}
      expected return value : 3
      your return value     : 1
      expected output : "000"
      your output     : "X"
      expected (nonprintable as hex) : "000"
      actual   (nonprintable as hex) : "X"

Test 399 (X_zp_pos_exactfit) : FAILED.
    First line of code: {return test("%03X", 698334);}
      expected return value : 5
      your return value     : 1
      expected output : "AA7DE"
      your output     : "X"
      expected (nonprintable as hex) : "AA7DE"
      actual   (nonprintable as hex) : "X"

Test 400 (X_prec_width_fit_fit_pos) : FAILED.
    First line of code: {return test("%8.5X", 34);}
      expected return value : 8
      your return value     : 1
      expected output : "   00022"
      your output     : "X"
      expected (nonprintable as hex) : "   00022"
      actual   (nonprintable as hex) : "X"

Test 401 (X_prec_width_fit_fit_zero) : FAILED.
    First line of code: {return test("%8.5X", 0);}
      expected return value : 8
      your return value     : 1
      expected output : "   00000"
      your output     : "X"
      expected (nonprintable as hex) : "   00000"
      actual   (nonprintable as hex) : "X"

Test 402 (X_prec_width_nofit_fit_pos) : FAILED.
    First line of code: {return test("%8.3X", 8375);}
      expected return value : 8
      your return value     : 1
      expected output : "    20B7"
      your output     : "X"
      expected (nonprintable as hex) : "    20B7"
      actual   (nonprintable as hex) : "X"

Test 403 (X_prec_width_fit_nofit_pos) : FAILED.
    First line of code: {return test("%2.7X", 3267);}
      expected return value : 7
      your return value     : 1
      expected output : "0000CC3"
      your output     : "X"
      expected (nonprintable as hex) : "0000CC3"
      actual   (nonprintable as hex) : "X"

Test 404 (X_prec_width_nofit_nofit_pos) : FAILED.
    First line of code: {return test("%3.3X", 6983);}
      expected return value : 4
      your return value     : 1
      expected output : "1B47"
      your output     : "X"
      expected (nonprintable as hex) : "1B47"
      actual   (nonprintable as hex) : "X"

Test 405 (X_prec_width_fit_fit_pos_lj) : FAILED.
    First line of code: {return test("%-8.5X", 34);}
      expected return value : 8
      your return value     : 1
      expected output : "00022   "
      your output     : "X"
      expected (nonprintable as hex) : "00022   "
      actual   (nonprintable as hex) : "X"

Test 406 (X_prec_width_fit_fit_zero_lj) : FAILED.
    First line of code: {return test("%-8.5X", 0);}
      expected return value : 8
      your return value     : 1
      expected output : "00000   "
      your output     : "X"
      expected (nonprintable as hex) : "00000   "
      actual   (nonprintable as hex) : "X"

Test 407 (X_prec_width_nofit_fit_pos_lj) : FAILED.
    First line of code: {return test("%-8.3X", 8375);}
      expected return value : 8
      your return value     : 1
      expected output : "20B7    "
      your output     : "X"
      expected (nonprintable as hex) : "20B7    "
      actual   (nonprintable as hex) : "X"

Test 408 (X_prec_width_fit_nofit_pos_lj) : FAILED.
    First line of code: {return test("%-2.7X", 3267);}
      expected return value : 7
      your return value     : 1
      expected output : "0000CC3"
      your output     : "X"
      expected (nonprintable as hex) : "0000CC3"
      actual   (nonprintable as hex) : "X"

Test 409 (X_prec_width_nofit_nofit_pos_lj) : FAILED.
    First line of code: {return test("%-3.3X", 6983);}
      expected return value : 4
      your return value     : 1
      expected output : "1B47"
      your output     : "X"
      expected (nonprintable as hex) : "1B47"
      actual   (nonprintable as hex) : "X"

Test 410 (X_prec_width_ff_pos_zp) : FAILED.
    First line of code: {return test("%08.5X", 34);}
      expected return value : 8
      your return value     : 1
      expected output : "   00022"
      your output     : "X"
      expected (nonprintable as hex) : "   00022"
      actual   (nonprintable as hex) : "X"

Test 411 (X_prec_width_ff_zero_zp) : FAILED.
    First line of code: {return test("%08.5X", 0);}
      expected return value : 8
      your return value     : 1
      expected output : "   00000"
      your output     : "X"
      expected (nonprintable as hex) : "   00000"
      actual   (nonprintable as hex) : "X"

Test 412 (X_prec_width_nf_pos_zp) : FAILED.
    First line of code: {return test("%08.3X", 8375);}
      expected return value : 8
      your return value     : 1
      expected output : "    20B7"
      your output     : "X"
      expected (nonprintable as hex) : "    20B7"
      actual   (nonprintable as hex) : "X"

Test 413 (X_prec_width_fn_pos_zp) : FAILED.
    First line of code: {return test("%02.7X", 3267);}
      expected return value : 7
      your return value     : 1
      expected output : "0000CC3"
      your output     : "X"
      expected (nonprintable as hex) : "0000CC3"
      actual   (nonprintable as hex) : "X"

Test 414 (X_prec_width_nn_pos_zp) : FAILED.
    First line of code: {return test("%03.3X", 6983);}
      expected return value : 4
      your return value     : 1
      expected output : "1B47"
      your output     : "X"
      expected (nonprintable as hex) : "1B47"
      actual   (nonprintable as hex) : "X"

Test 415 (X_prec_width_ff_pos_ljzp_ignoreflag) : FAILED.
    First line of code: {return test("%0-8.5X", 34);}
      expected return value : 8
      your return value     : 1
      expected output : "00022   "
      your output     : "X"
      expected (nonprintable as hex) : "00022   "
      actual   (nonprintable as hex) : "X"

Test 416 (X_prec_width_ff_zero_ljzp_ignoreflag) : FAILED.
    First line of code: {return test("%0-8.5X", 0);}
      expected return value : 8
      your return value     : 1
      expected output : "00000   "
      your output     : "X"
      expected (nonprintable as hex) : "00000   "
      actual   (nonprintable as hex) : "X"

Test 417 (X_prec_width_nf_pos_ljzp_ignoreflag) : FAILED.
    First line of code: {return test("%0-8.3X", 8375);}
      expected return value : 8
      your return value     : 1
      expected output : "20B7    "
      your output     : "X"
      expected (nonprintable as hex) : "20B7    "
      actual   (nonprintable as hex) : "X"

Test 418 (X_prec_width_fn_pos_ljzp_ignoreflag) : FAILED.
    First line of code: {return test("%0-2.7X", 3267);}
      expected return value : 7
      your return value     : 1
      expected output : "0000CC3"
      your output     : "X"
      expected (nonprintable as hex) : "0000CC3"
      actual   (nonprintable as hex) : "X"

Test 419 (X_prec_width_nn_pos_ljzp_ignoreflag) : FAILED.
    First line of code: {return test("%0-3.3X", 6983);}
      expected return value : 4
      your return value     : 1
      expected output : "1B47"
      your output     : "X"
      expected (nonprintable as hex) : "1B47"
      actual   (nonprintable as hex) : "X"

Test 420 (X_prec0val0_basic) : FAILED.
    First line of code: {return test("%.0X", 0);}
      expected return value : 0
      your return value     : 1
      expected output : ""
      your output     : "X"
      expected (nonprintable as hex) : ""
      actual   (nonprintable as hex) : "X"

Test 421 (X_prec0val0_implicit) : FAILED.
    First line of code: {return test("%.X", 0);}
      expected return value : 0
      your return value     : 1
      expected output : ""
      your output     : "X"
      expected (nonprintable as hex) : ""
      actual   (nonprintable as hex) : "X"

Test 422 (X_prec0val0_w) : FAILED.
    First line of code: {return test("%5.0X", 0);}
      expected return value : 5
      your return value     : 1
      expected output : "     "
      your output     : "X"
      expected (nonprintable as hex) : "     "
      actual   (nonprintable as hex) : "X"

Test 423 (X_prec0val0_w_impl) : FAILED.
    First line of code: {return test("%5.X", 0);}
      expected return value : 5
      your return value     : 1
      expected output : "     "
      your output     : "X"
      expected (nonprintable as hex) : "     "
      actual   (nonprintable as hex) : "X"

Test 424 (X_prec0val0_wlj) : FAILED.
    First line of code: {return test("%-5.0X", 0);}
      expected return value : 5
      your return value     : 1
      expected output : "     "
      your output     : "X"
      expected (nonprintable as hex) : "     "
      actual   (nonprintable as hex) : "X"

Test 425 (X_prec0val0_wlj_impl) : FAILED.
    First line of code: {return test("%-5.X", 0);}
      expected return value : 5
      your return value     : 1
      expected output : "     "
      your output     : "X"
      expected (nonprintable as hex) : "     "
      actual   (nonprintable as hex) : "X"

Test 426 (p_null) : FAILED.
    First line of code: {return test("%p", NULL);}
      expected return value : 3
      your return value     : 1
      expected output : "0x0"
      your output     : "p"
      expected (nonprintable as hex) : "0x0"
      actual   (nonprintable as hex) : "p"

Test 427 (p_null_width_fit) : FAILED.
    First line of code: {return test("%5p", NULL);}
      expected return value : 5
      your return value     : 1
      expected output : "  0x0"
      your output     : "p"
      expected (nonprintable as hex) : "  0x0"
      actual   (nonprintable as hex) : "p"

Test 428 (p_null_width_nofit) : FAILED.
    First line of code: {return test("%2p", NULL);}
      expected return value : 3
      your return value     : 1
      expected output : "0x0"
      your output     : "p"
      expected (nonprintable as hex) : "0x0"
      actual   (nonprintable as hex) : "p"

Test 429 (p_void) : FAILED.
    First line of code: {return test("%.p", NULL);}
      expected return value : 2
      your return value     : 1
      expected output : "0x"
      your output     : "p"
      expected (nonprintable as hex) : "0x"
      actual   (nonprintable as hex) : "p"

Test 430 (p_void_width_fit) : FAILED.
    First line of code: {return test("%5.p", NULL);}
      expected return value : 5
      your return value     : 1
      expected output : "   0x"
      your output     : "p"
      expected (nonprintable as hex) : "   0x"
      actual   (nonprintable as hex) : "p"

Test 431 (p_void_width_nofit) : FAILED.
    First line of code: {return test("%2.p", NULL);}
      expected return value : 2
      your return value     : 1
      expected output : "0x"
      your output     : "p"
      expected (nonprintable as hex) : "0x"
      actual   (nonprintable as hex) : "p"

Test 432 (p_ftfc_literal_9w_prec2_undefbehav) : FAILED.
    First line of code: {return test("%9.2p
", 1234);}
      expected return value : 11
      your return value     : 2
      expected output : "    0x4d2
"
      your output     : "p
"
      expected (nonprintable as hex) : "    0x4d2\x0a"
      actual   (nonprintable as hex) : "p\x0a"

Test 433 (p_ftfc_literal_2w_prec9_undefbehav) : FAILED.
    First line of code: {return test("%2.9p
", 1234);}
      expected return value : 13
      your return value     : 2
      expected output : "0x0000004d2
"
      your output     : "p
"
      expected (nonprintable as hex) : "0x0000004d2\x0a"
      actual   (nonprintable as hex) : "p\x0a"

Test 434 (p_ftfc_zero_prec5_undefbehav) : FAILED.
    First line of code: {return test("%.5p", 0);}
      expected return value : 7
      your return value     : 1
      expected output : "0x00000"
      your output     : "p"
      expected (nonprintable as hex) : "0x00000"
      actual   (nonprintable as hex) : "p"

Test 435 (p_ftfc_zero_prec0_undefbehav) : FAILED.
    First line of code: {return test("%.0p", 0);}
      expected return value : 2
      your return value     : 1
      expected output : "0x"
      your output     : "p"
      expected (nonprintable as hex) : "0x"
      actual   (nonprintable as hex) : "p"

Test 436 (p_ftfc_5w_throwswarning) : FAILED.
    First line of code: {return test("%5p", 0);}
      expected return value : 5
      your return value     : 1
      expected output : "  0x0"
      your output     : "p"
      expected (nonprintable as hex) : "  0x0"
      actual   (nonprintable as hex) : "p"

Test 437 (p_basic) : FAILED.
    First line of code: {return test("%p%p%p%p%p%p%p%p%p%p%p%p",&a01,&a02,&a03,&a04,&a05,&a06,&a07,&a08,&a09,&a10,&a11,&a12);}
      expected return value : 156
      your return value     : 13
      expected output : "0x10750e1a80x10750e1a90x10750e1aa0x10750e1ac0x10750e1b00x10750e1b40x10750e1b80x10750e1c00x10750e1c80x10750e1d00x10750e1d80x10750e1e0"
      your output     : "pppppppppppp"
      expected (nonprintable as hex) : "0x10750e1a80x10750e1a90x10750e1aa0x10750e1ac0x10750e1b00x10750e1b40x10750e1b80x10750e1c00x10750e1c80x10750e1d00x10750e1d80x10750e1e0"
      actual   (nonprintable as hex) : "pppppppppppp"

Test 438 (p_width_fit) : FAILED.
    First line of code: {return test("%70p%70p%70p%70p%70p%70p%70p%70p%70p%70p%70p%70p",&a01,&a02,&a03,&a04,&a05,&a06,&a07,&a08,&a09,&a10,&a11,&a12);      expected return value : 1012
      your return value     : 13
      expected output : "                                                           0x10750e1a8                                                           0x10750e1a9          "
      your output     : "pppppppppppp"
      expected (nonprintable as hex) : "                                                           0x10750e1a8                                                           0x10750e1a9          "
      actual   (nonprintable as hex) : "pppppppppppp"

Test 439 (p_width_nofit) : FAILED.
    First line of code: {return test("%5p%5p%5p%5p%5p%5p%5p%5p%5p%5p%5p%5p",&a01,&a02,&a03,&a04,&a05,&a06,&a07,&a08,&a09,&a10,&a11,&a12);}
      expected return value : 156
      your return value     : 13
      expected output : "0x10750e1a80x10750e1a90x10750e1aa0x10750e1ac0x10750e1b00x10750e1b40x10750e1b80x10750e1c00x10750e1c80x10750e1d00x10750e1d80x10750e1e0"
      your output     : "pppppppppppp"
      expected (nonprintable as hex) : "0x10750e1a80x10750e1a90x10750e1aa0x10750e1ac0x10750e1b00x10750e1b40x10750e1b80x10750e1c00x10750e1c80x10750e1d00x10750e1d80x10750e1e0"
      actual   (nonprintable as hex) : "pppppppppppp"

Test 440 (p_width_16) : FAILED.
    First line of code: {return test("%16p%16p%16p%16p%16p%16p%16p%16p%16p%16p%16p%16p",&a01,&a02,&a03,&a04,&a05,&a06,&a07,&a08,&a09,&a10,&a11,&a12);      expected return value : 222
      your return value     : 13
      expected output : "     0x10750e1a8     0x10750e1a9     0x10750e1aa     0x10750e1ac     0x10750e1b0     0x10750e1b4     0x10750e1b8     0x10750e1c0     0x10750e1c8     0"
      your output     : "pppppppppppp"
      expected (nonprintable as hex) : "     0x10750e1a8     0x10750e1a9     0x10750e1aa     0x10750e1ac     0x10750e1b0     0x10750e1b4     0x10750e1b8     0x10750e1c0     0x10750e1c8     0"
      actual   (nonprintable as hex) : "pppppppppppp"

Test 441 (p_width_8) : FAILED.
    First line of code: {return test("%8p%8p%8p%8p%8p%8p%8p%8p%8p%8p%8p%8p",&a01,&a02,&a03,&a04,&a05,&a06,&a07,&a08,&a09,&a10,&a11,&a12);}
      expected return value : 156
      your return value     : 13
      expected output : "0x10750e1a80x10750e1a90x10750e1aa0x10750e1ac0x10750e1b00x10750e1b40x10750e1b80x10750e1c00x10750e1c80x10750e1d00x10750e1d80x10750e1e0"
      your output     : "pppppppppppp"
      expected (nonprintable as hex) : "0x10750e1a80x10750e1a90x10750e1aa0x10750e1ac0x10750e1b00x10750e1b40x10750e1b80x10750e1c00x10750e1c80x10750e1d00x10750e1d80x10750e1e0"
      actual   (nonprintable as hex) : "pppppppppppp"

Test 442 (p_width_32) : FAILED.
    First line of code: {return test("%32p%32p%32p%32p%32p%32p%32p%32p%32p%32p%32p%32p",&a01,&a02,&a03,&a04,&a05,&a06,&a07,&a08,&a09,&a10,&a11,&a12);      expected return value : 455
      your return value     : 13
      expected output : "                     0x10750e1a8                     0x10750e1a9                     0x10750e1aa                     0x10750e1ac                     0"
      your output     : "pppppppppppp"
      expected (nonprintable as hex) : "                     0x10750e1a8                     0x10750e1a9                     0x10750e1aa                     0x10750e1ac                     0"
      actual   (nonprintable as hex) : "pppppppppppp"

Test 443 (p_width_fit_lj) : FAILED.
    First line of code: {return test("%-70p%-70p%-70p%-70p%-70p%-70p%-70p%-70p%-70p%-70p%-70p%-70p",&a01,&a02,&a03,&a04,&a05,&a06,&a07,&a08,&a09,&a10      expected return value : 1012
      your return value     : 13
      expected output : "0x10750e1a8                                                           0x10750e1a9                                                           0x10750e1a"
      your output     : "pppppppppppp"
      expected (nonprintable as hex) : "0x10750e1a8                                                           0x10750e1a9                                                           0x10750e1a"
      actual   (nonprintable as hex) : "pppppppppppp"

Test 444 (p_width_nofit_lj) : FAILED.
    First line of code: {return test("%-5p%-5p%-5p%-5p%-5p%-5p%-5p%-5p%-5p%-5p%-5p%-5p",&a01,&a02,&a03,&a04,&a05,&a06,&a07,&a08,&a09,&a10,&a11,&a12);      expected return value : 156
      your return value     : 13
      expected output : "0x10750e1a80x10750e1a90x10750e1aa0x10750e1ac0x10750e1b00x10750e1b40x10750e1b80x10750e1c00x10750e1c80x10750e1d00x10750e1d80x10750e1e0"
      your output     : "pppppppppppp"
      expected (nonprintable as hex) : "0x10750e1a80x10750e1a90x10750e1aa0x10750e1ac0x10750e1b00x10750e1b40x10750e1b80x10750e1c00x10750e1c80x10750e1d00x10750e1d80x10750e1e0"
      actual   (nonprintable as hex) : "pppppppppppp"

Test 445 (p_width_16_lj) : FAILED.
    First line of code: {return test("%-16p%-16p%-16p%-16p%-16p%-16p%-16p%-16p%-16p%-16p%-16p%-16p",&a01,&a02,&a03,&a04,&a05,&a06,&a07,&a08,&a09,&a10      expected return value : 222
      your return value     : 13
      expected output : "0x10750e1a8     0x10750e1a9     0x10750e1aa     0x10750e1ac     0x10750e1b0     0x10750e1b4     0x10750e1b8     0x10750e1c0     0x10750e1c8     0x1075"
      your output     : "pppppppppppp"
      expected (nonprintable as hex) : "0x10750e1a8     0x10750e1a9     0x10750e1aa     0x10750e1ac     0x10750e1b0     0x10750e1b4     0x10750e1b8     0x10750e1c0     0x10750e1c8     0x1075"
      actual   (nonprintable as hex) : "pppppppppppp"

Test 446 (p_width_8_lj) : FAILED.
    First line of code: {return test("%-8p%-8p%-8p%-8p%-8p%-8p%-8p%-8p%-8p%-8p%-8p%-8p",&a01,&a02,&a03,&a04,&a05,&a06,&a07,&a08,&a09,&a10,&a11,&a12);      expected return value : 156
      your return value     : 13
      expected output : "0x10750e1a80x10750e1a90x10750e1aa0x10750e1ac0x10750e1b00x10750e1b40x10750e1b80x10750e1c00x10750e1c80x10750e1d00x10750e1d80x10750e1e0"
      your output     : "pppppppppppp"
      expected (nonprintable as hex) : "0x10750e1a80x10750e1a90x10750e1aa0x10750e1ac0x10750e1b00x10750e1b40x10750e1b80x10750e1c00x10750e1c80x10750e1d00x10750e1d80x10750e1e0"
      actual   (nonprintable as hex) : "pppppppppppp"

Test 447 (p_width_32_lj) : FAILED.
    First line of code: {return test("%-32p%-32p%-32p%-32p%-32p%-32p%-32p%-32p%-32p%-32p%-32p%-32p",&a01,&a02,&a03,&a04,&a05,&a06,&a07,&a08,&a09,&a10      expected return value : 455
      your return value     : 13
      expected output : "0x10750e1a8                     0x10750e1a9                     0x10750e1aa                     0x10750e1ac                     0x10750e1b0           "
      your output     : "pppppppppppp"
      expected (nonprintable as hex) : "0x10750e1a8                     0x10750e1a9                     0x10750e1aa                     0x10750e1ac                     0x10750e1b0           "
      actual   (nonprintable as hex) : "pppppppppppp"

Test 460 (mix_successive_0) : FAILED.
    First line of code: {return ( test("%c", mx_c) + test("%u", mx_u));}
      expected return value : 4
      your return value     : 2
      expected output : "G235"
      your output     : "Gu"
      expected (nonprintable as hex) : "G235"
      actual   (nonprintable as hex) : "Gu"

Test 461 (mix_successive_4) : FAILED.
    First line of code: {return ( test("%x", mx_u) + test("%i", mx_i));}
      expected return value : 4
      your return value     : 3
      expected output : "eb42"
      your output     : "x42"
      expected (nonprintable as hex) : "eb42"
      actual   (nonprintable as hex) : "x42"

Test 463 (mix_successive_10) : FAILED.
    First line of code: {return ( test("%u", mx_u) + test("%s", mx_s));}
      expected return value : 17
      your return value     : 15
      expected output : "235Hello, World!"
      your output     : "uHello, World!"
      expected (nonprintable as hex) : "235Hello, World!"
      actual   (nonprintable as hex) : "uHello, World!"

Test 464 (mix_successive_16) : FAILED.
    First line of code: {return ( test("%s", mx_s) + test("%x", mx_u));}
      expected return value : 16
      your return value     : 15
      expected output : "Hello, World!eb"
      your output     : "Hello, World!x"
      expected (nonprintable as hex) : "Hello, World!eb"
      actual   (nonprintable as hex) : "Hello, World!x"

Test 465 (mix_successive_20) : FAILED.
    First line of code: {return ( test("%p", &mx_i) + test("%s", mx_s));}
      expected return value : 26
      your return value     : 15
      expected output : "0x10750afd4Hello, World!"
      your output     : "pHello, World!"
      expected (nonprintable as hex) : "0x10750afd4Hello, World!"
      actual   (nonprintable as hex) : "pHello, World!"

Test 466 (mix_successive_21) : FAILED.
    First line of code: {return ( test("%X", mx_u) + test("%x", mx_u));}
      expected return value : 4
      your return value     : 2
      expected output : "EBeb"
      your output     : "Xx"
      expected (nonprintable as hex) : "EBeb"
      actual   (nonprintable as hex) : "Xx"

Test 467 (mix_successive_28) : FAILED.
    First line of code: {return ( test("%i", mx_i) + test("%u", mx_u));}
      expected return value : 5
      your return value     : 3
      expected output : "42235"
      your output     : "42u"
      expected (nonprintable as hex) : "42235"
      actual   (nonprintable as hex) : "42u"

Test 468 (mix_successive_30) : FAILED.
    First line of code: {return ( test("%s", mx_s) + test("%u", mx_u));}
      expected return value : 17
      your return value     : 15
      expected output : "Hello, World!235"
      your output     : "Hello, World!u"
      expected (nonprintable as hex) : "Hello, World!235"
      actual   (nonprintable as hex) : "Hello, World!u"

Test 469 (mix_successive_31) : FAILED.
    First line of code: {return ( test("%X", mx_u) + test("%c", mx_c));}
      expected return value : 3
      your return value     : 2
      expected output : "EBG"
      your output     : "XG"
      expected (nonprintable as hex) : "EBG"
      actual   (nonprintable as hex) : "XG"

Test 470 (mix_successive_32) : FAILED.
    First line of code: {return ( test("%x", mx_u) + test("%u", mx_u));}
      expected return value : 5
      your return value     : 2
      expected output : "eb235"
      your output     : "xu"
      expected (nonprintable as hex) : "eb235"
      actual   (nonprintable as hex) : "xu"

Test 472 (mix_successive_40) : FAILED.
    First line of code: {return ( test("%c", mx_c) + test("%x", mx_u));}
      expected return value : 3
      your return value     : 2
      expected output : "Geb"
      your output     : "Gx"
      expected (nonprintable as hex) : "Geb"
      actual   (nonprintable as hex) : "Gx"

Test 473 (mix_successive_42) : FAILED.
    First line of code: {return ( test("%x", mx_u) + test("%s", mx_s));}
      expected return value : 16
      your return value     : 15
      expected output : "ebHello, World!"
      your output     : "xHello, World!"
      expected (nonprintable as hex) : "ebHello, World!"
      actual   (nonprintable as hex) : "xHello, World!"

Test 474 (mix_successive_43) : FAILED.
    First line of code: {return ( test("%u", mx_u) + test("%x", mx_u));}
      expected return value : 5
      your return value     : 2
      expected output : "235eb"
      your output     : "ux"
      expected (nonprintable as hex) : "235eb"
      actual   (nonprintable as hex) : "ux"

Test 477 (mix_successive_61) : FAILED.
    First line of code: {return ( test("%p", &mx_i) + test("%c", mx_c));}
      expected return value : 13
      your return value     : 2
      expected output : "0x10750afd4G"
      your output     : "pG"
      expected (nonprintable as hex) : "0x10750afd4G"
      actual   (nonprintable as hex) : "pG"

Test 641 (moul_mix_1) : FAILED.
    First line of code: {int r00 = 0; return test("Lalalala, %d%% des gens qui parlent  Ly adorent %s. Ou Presque. %p", 100, "Ly", &r00);}
      expected return value : 88
      your return value     : 73
      expected output : "Lalalala, 100% des gens qui parlent  Ly adorent Ly. Ou Presque. 0x7fff5872e4fc"
      your output     : "Lalalala, 100% des gens qui parlent  Ly adorent Ly. Ou Presque. p"
      expected (nonprintable as hex) : "Lalalala, 100% des gens qui parlent \xc3\xa0 Ly adorent Ly. Ou Presque. 0x7fff5872e4fc"
      actual   (nonprintable as hex) : "Lalalala, 100% des gens qui parlent \xc3\xa0 Ly adorent Ly. Ou Presque. p"

Test 683 (moul_u_1) : FAILED.
    First line of code: {return test("%u", 42);}
      expected return value : 2
      your return value     : 1
      expected output : "42"
      your output     : "u"
      expected (nonprintable as hex) : "42"
      actual   (nonprintable as hex) : "u"

Test 684 (moul_u_2) : FAILED.
    First line of code: {return test("Kashim a %u histoires  raconter", 1001);}
      expected return value : 38
      your return value     : 35
      expected output : "Kashim a 1001 histoires  raconter"
      your output     : "Kashim a u histoires  raconter"
      expected (nonprintable as hex) : "Kashim a 1001 histoires \xc3\xa0 raconter"
      actual   (nonprintable as hex) : "Kashim a u histoires \xc3\xa0 raconter"

Test 685 (moul_u_3) : FAILED.
    First line of code: {return test("Il fait au moins %u
", -8000);}
      expected return value : 30
      your return value     : 20
      expected output : "Il fait au moins 4294959296
"
      your output     : "Il fait au moins u
"
      expected (nonprintable as hex) : "Il fait au moins 4294959296\x0a"
      actual   (nonprintable as hex) : "Il fait au moins u\x0a"

Test 686 (moul_u_4) : FAILED.
    First line of code: {return test("%u", -0);}
      expected return value : 1
      your return value     : 1
      expected output : "0"
      your output     : "u"
      expected (nonprintable as hex) : "0"
      actual   (nonprintable as hex) : "u"

Test 687 (moul_u_5) : FAILED.
    First line of code: {return test("%u", 0);}
      expected return value : 1
      your return value     : 1
      expected output : "0"
      your output     : "u"
      expected (nonprintable as hex) : "0"
      actual   (nonprintable as hex) : "u"

Test 688 (moul_u_6) : FAILED.
    First line of code: {return test("%u", INT_MAX);}
      expected return value : 11
      your return value     : 1
      expected output : "2147483647"
      your output     : "u"
      expected (nonprintable as hex) : "2147483647"
      actual   (nonprintable as hex) : "u"

Test 689 (moul_u_7) : FAILED.
    First line of code: {return test("%u", INT_MIN);}
      expected return value : 11
      your return value     : 1
      expected output : "2147483648"
      your output     : "u"
      expected (nonprintable as hex) : "2147483648"
      actual   (nonprintable as hex) : "u"

Test 690 (moul_u_8) : FAILED.
    First line of code: {return test("%u", INT_MIN - 1);}
      expected return value : 11
      your return value     : 1
      expected output : "2147483647"
      your output     : "u"
      expected (nonprintable as hex) : "2147483647"
      actual   (nonprintable as hex) : "u"

Test 691 (moul_u_9) : FAILED.
    First line of code: {return test("%u", INT_MAX + 1);}
      expected return value : 11
      your return value     : 1
      expected output : "2147483648"
      your output     : "u"
      expected (nonprintable as hex) : "2147483648"
      actual   (nonprintable as hex) : "u"

Test 692 (moul_u_10) : FAILED.
    First line of code: {return test("%%u 0000042 == |%u|
", 0000042);}
      expected return value : 20
      your return value     : 19
      expected output : "%u 0000042 == |34|
"
      your output     : "%u 0000042 == |u|
"
      expected (nonprintable as hex) : "%u 0000042 == |34|\x0a"
      actual   (nonprintable as hex) : "%u 0000042 == |u|\x0a"

Test 693 (moul_u_11) : FAILED.
    First line of code: {return test("%%u 	 == |%u|
", '	');}
      expected return value : 13
      your return value     : 13
      expected output : "%u 	 == |9|
"
      your output     : "%u 	 == |u|
"
      expected (nonprintable as hex) : "%u \x09 == |9|\x0a"
      actual   (nonprintable as hex) : "%u \x09 == |u|\x0a"

Test 694 (moul_u_12) : FAILED.
    First line of code: {return test("%%u Lydie == |%u|
", 'L'+'y'+'d'+'i'+'e');}
      expected return value : 19
      your return value     : 17
      expected output : "%u Lydie == |503|
"
      your output     : "%u Lydie == |u|
"
      expected (nonprintable as hex) : "%u Lydie == |503|\x0a"
      actual   (nonprintable as hex) : "%u Lydie == |u|\x0a"

Test 695 (moul_x_1) : FAILED.
    First line of code: {return test("%x", 42);}
      expected return value : 2
      your return value     : 1
      expected output : "2a"
      your output     : "x"
      expected (nonprintable as hex) : "2a"
      actual   (nonprintable as hex) : "x"

Test 696 (moul_x_2) : FAILED.
    First line of code: {return test("Kashim a %x histoires  raconter", 1001);}
      expected return value : 37
      your return value     : 35
      expected output : "Kashim a 3e9 histoires  raconter"
      your output     : "Kashim a x histoires  raconter"
      expected (nonprintable as hex) : "Kashim a 3e9 histoires \xc3\xa0 raconter"
      actual   (nonprintable as hex) : "Kashim a x histoires \xc3\xa0 raconter"

Test 697 (moul_x_3) : FAILED.
    First line of code: {return test("Il fait au moins %x
", -8000);}
      expected return value : 28
      your return value     : 20
      expected output : "Il fait au moins ffffe0c0
"
      your output     : "Il fait au moins x
"
      expected (nonprintable as hex) : "Il fait au moins ffffe0c0\x0a"
      actual   (nonprintable as hex) : "Il fait au moins x\x0a"

Test 698 (moul_x_4) : FAILED.
    First line of code: {return test("%x", -0);}
      expected return value : 1
      your return value     : 1
      expected output : "0"
      your output     : "x"
      expected (nonprintable as hex) : "0"
      actual   (nonprintable as hex) : "x"

Test 699 (moul_x_5) : FAILED.
    First line of code: {return test("%x", 0);}
      expected return value : 1
      your return value     : 1
      expected output : "0"
      your output     : "x"
      expected (nonprintable as hex) : "0"
      actual   (nonprintable as hex) : "x"

Test 700 (moul_x_6) : FAILED.
    First line of code: {return test("%x", INT_MAX);}
      expected return value : 8
      your return value     : 1
      expected output : "7fffffff"
      your output     : "x"
      expected (nonprintable as hex) : "7fffffff"
      actual   (nonprintable as hex) : "x"

Test 701 (moul_x_7) : FAILED.
    First line of code: {return test("%x", INT_MIN);}
      expected return value : 8
      your return value     : 1
      expected output : "80000000"
      your output     : "x"
      expected (nonprintable as hex) : "80000000"
      actual   (nonprintable as hex) : "x"

Test 702 (moul_x_8) : FAILED.
    First line of code: {return test("%x", INT_MIN - 1);}
      expected return value : 8
      your return value     : 1
      expected output : "7fffffff"
      your output     : "x"
      expected (nonprintable as hex) : "7fffffff"
      actual   (nonprintable as hex) : "x"

Test 703 (moul_x_9) : FAILED.
    First line of code: {return test("%x", INT_MAX + 1);}
      expected return value : 8
      your return value     : 1
      expected output : "80000000"
      your output     : "x"
      expected (nonprintable as hex) : "80000000"
      actual   (nonprintable as hex) : "x"

Test 704 (moul_x_10) : FAILED.
    First line of code: {return test("%%x 0000042 == |%x|
", 0000042);}
      expected return value : 20
      your return value     : 19
      expected output : "%x 0000042 == |22|
"
      your output     : "%x 0000042 == |x|
"
      expected (nonprintable as hex) : "%x 0000042 == |22|\x0a"
      actual   (nonprintable as hex) : "%x 0000042 == |x|\x0a"

Test 705 (moul_x_11) : FAILED.
    First line of code: {return test("%%x 	 == |%x|
", '	');}
      expected return value : 13
      your return value     : 13
      expected output : "%x 	 == |9|
"
      your output     : "%x 	 == |x|
"
      expected (nonprintable as hex) : "%x \x09 == |9|\x0a"
      actual   (nonprintable as hex) : "%x \x09 == |x|\x0a"

Test 706 (moul_x_12) : FAILED.
    First line of code: {return test("%%x Lydie == |%x|
", 'L'+'y'+'d'+'i'+'e');}
      expected return value : 19
      your return value     : 17
      expected output : "%x Lydie == |1f7|
"
      your output     : "%x Lydie == |x|
"
      expected (nonprintable as hex) : "%x Lydie == |1f7|\x0a"
      actual   (nonprintable as hex) : "%x Lydie == |x|\x0a"

Test 736 (new2019_negstar_1) : FAILED.
    First line of code: {return test("%*s", -32, "abc");}
      expected return value : 35
      your return value     : 35
      expected output : "abc                             "
      your output     : "                             abc"
      expected (nonprintable as hex) : "abc                             "
      actual   (nonprintable as hex) : "                             abc"

Test 742 (new2019_negstar_7) : FAILED.
    First line of code: {return test("%*i", -14, 94827);}
      expected return value : 15
      your return value     : 15
      expected output : "94827         "
      your output     : "         94827"
      expected (nonprintable as hex) : "94827         "
      actual   (nonprintable as hex) : "         94827"

Test 744 (new2019_negstar_9) : FAILED.
    First line of code: {return test("%0*i", -7, -54);}
      expected return value : 7
      your return value     : 7
      expected output : "-54    "
      your output     : "-000054"
      expected (nonprintable as hex) : "-54    "
      actual   (nonprintable as hex) : "-000054"

